1486566618,0
1486566630,6,7,2,13,1
1486566631,6,7,3,13,2
1486566633,26,7,2,22,3072,23,1,6,enjoy your time
1486566650,7,7,2,13,1
1486566651,7,7,3,13,2
1486566672,6,7,2,13,test3
1486566672,26,7,2,22,3072,23,1,6,enjoy your time
1486566704,7,7,2,13,test3
1486566749,0
1486566758,6,7,2,13,test3
1486566758,26,7,2,22,3072,23,1,6,enjoy your time
1486566836,0
1486566840,6,7,2,13,1
1486566841,6,7,3,13,2
1486566842,26,7,2,22,1024,23,1,6,enjoy your time
1486566876,7,7,2,13,1
1486566876,7,7,3,13,2
1486566945,0
1486566957,6,7,2,13,test3
1486566957,26,7,2,22,3072,23,1,6,enjoy your time
1486566961,7,7,2,13,test3
1486566961,6,7,3,13,test3
1486566968,6,7,2,13,1
1486566969,26,7,2,22,3072,23,1,6,enjoy your time
1486567004,7,7,3,13,test3
1486567062,7,7,2,13,1
1486567071,6,7,2,13,test3
1486567072,6,7,3,13,2
1486567073,26,7,2,22,3072,23,1,6,enjoy your time
