1486461664,7,7,2,13,test3
1486461664,7,7,4,13,test32
1486461669,7,7,3,13,test31
1486461735,0
1486461738,6,7,2,13,test3
1486461740,6,7,3,13,test32
1486461769,10,7,3,13,test32,10,3,6,asd
1486461770,10,7,3,13,test32,10,3,6,asd
1486461771,10,7,3,13,test32,10,3,6,asd
1486461771,10,7,3,13,test32,10,3,6,asd
1486461771,10,7,3,13,test32,10,3,6,asd
1486461771,10,7,3,13,test32,10,3,6,asd
1486461771,10,7,3,13,test32,10,3,6,asd
1486461771,10,7,3,13,test32,10,3,6,asd
1486461772,10,7,3,13,test32,10,3,6,asd
1486461772,10,7,3,13,test32,10,3,6,asd
1486461772,10,7,3,13,test32,10,3,6,asd
1486461772,10,7,3,13,test32,10,3,6,asd
1486461772,10,7,3,13,test32,10,3,6,asd
1486461773,10,7,3,13,test32,10,3,6,asd
1486461773,10,7,3,13,test32,10,3,6,asd
1486461773,10,7,3,13,test32,10,3,6,asd
1486461773,10,7,3,13,test32,10,3,6,asd
1486461773,10,7,3,13,test32,10,3,6,asd
1486461773,10,7,3,13,test32,10,3,6,asd
1486461774,10,7,3,13,test32,10,3,6,asd
1486461784,7,7,2,13,test3
